2024-04-04 10:53:44,685 p=64930 u=saiful n=ansible | [WARNING]: Could not match supplied host pattern, ignoring: ping

2024-04-04 10:53:44,686 p=64930 u=saiful n=ansible | [WARNING]: No hosts matched, nothing to do

2024-04-04 10:53:44,701 p=64930 u=saiful n=ansible | ERROR! No argument passed to command module
2024-04-04 10:53:52,954 p=64935 u=saiful n=ansible | [WARNING]: Could not match supplied host pattern, ignoring: ping

2024-04-04 10:53:52,955 p=64935 u=saiful n=ansible | [WARNING]: No hosts matched, nothing to do

2024-04-04 10:53:52,966 p=64935 u=saiful n=ansible | ERROR! No argument passed to command module
2024-04-04 10:55:44,216 p=64944 u=saiful n=ansible | PLAY [linux] ***************************************************************************************************************************
2024-04-04 10:55:44,292 p=64944 u=saiful n=ansible | TASK [Gathering Facts] *****************************************************************************************************************
2024-04-04 10:55:46,594 p=64944 u=saiful n=ansible | ok: [host]
2024-04-04 10:55:46,623 p=64944 u=saiful n=ansible | TASK [Test ping connection] ************************************************************************************************************
2024-04-04 10:55:47,184 p=64944 u=saiful n=ansible | ok: [host]
2024-04-04 10:55:47,216 p=64944 u=saiful n=ansible | PLAY RECAP *****************************************************************************************************************************
2024-04-04 10:55:47,216 p=64944 u=saiful n=ansible | host                       : ok=2    changed=0    unreachable=0    failed=0    skipped=0    rescued=0    ignored=0   
2024-04-04 11:00:31,662 p=64966 u=saiful n=ansible | PLAY [Docker Installation] *************************************************************************************************************
2024-04-04 11:00:31,687 p=64966 u=saiful n=ansible | TASK [Gathering Facts] *****************************************************************************************************************
2024-04-04 11:00:34,352 p=64966 u=saiful n=ansible | ok: [host]
2024-04-04 11:00:34,380 p=64966 u=saiful n=ansible | TASK [pre-tasks : Sanity Check | Fail if the Operating System is not supported] ********************************************************
2024-04-04 11:00:34,417 p=64966 u=saiful n=ansible | skipping: [host]
2024-04-04 11:00:34,443 p=64966 u=saiful n=ansible | TASK [common : Set timezone to Asia/Tokyo] *********************************************************************************************
2024-04-04 11:00:35,101 p=64966 u=saiful n=ansible | changed: [host]
2024-04-04 11:00:35,114 p=64966 u=saiful n=ansible | TASK [common : Include tasks for Debian based OS] **************************************************************************************
2024-04-04 11:00:35,169 p=64966 u=saiful n=ansible | included: /Users/saiful/Documents/github/ansible-docker/roles/common/tasks/debian.yml for host
2024-04-04 11:00:35,185 p=64966 u=saiful n=ansible | TASK [common : Set precedence in /etc/gai.conf] ****************************************************************************************
2024-04-04 11:00:35,716 p=64966 u=saiful n=ansible | [WARNING]: Module remote_tmp /root/.ansible/tmp did not exist and was created with a mode of 0700, this may cause issues when running
as another user. To avoid this, create the remote_tmp dir with the correct permissions manually

2024-04-04 11:00:35,717 p=64966 u=saiful n=ansible | changed: [host]
2024-04-04 11:00:35,728 p=64966 u=saiful n=ansible | TASK [common : Modify restart configuration] *******************************************************************************************
2024-04-04 11:00:35,871 p=64966 u=saiful n=ansible | skipping: [host]
2024-04-04 11:00:35,885 p=64966 u=saiful n=ansible | TASK [common : Update package lists] ***************************************************************************************************
2024-04-04 11:00:52,907 p=64966 u=saiful n=ansible | changed: [host]
2024-04-04 11:00:52,921 p=64966 u=saiful n=ansible | TASK [common : Remove Docker-related packages] *****************************************************************************************
2024-04-04 11:00:53,872 p=64966 u=saiful n=ansible | ok: [host] => (item=docker.io)
2024-04-04 11:00:54,687 p=64966 u=saiful n=ansible | ok: [host] => (item=docker-doc)
2024-04-04 11:00:55,534 p=64966 u=saiful n=ansible | ok: [host] => (item=docker-compose)
2024-04-04 11:00:56,531 p=64966 u=saiful n=ansible | ok: [host] => (item=docker-compose-v2)
2024-04-04 11:00:57,451 p=64966 u=saiful n=ansible | ok: [host] => (item=podman-docker)
2024-04-04 11:00:58,267 p=64966 u=saiful n=ansible | ok: [host] => (item=containerd)
2024-04-04 11:00:59,151 p=64966 u=saiful n=ansible | ok: [host] => (item=runc)
2024-04-04 11:00:59,171 p=64966 u=saiful n=ansible | TASK [common : Install required packages] **********************************************************************************************
2024-04-04 11:01:05,748 p=64966 u=saiful n=ansible | changed: [host]
2024-04-04 11:01:05,761 p=64966 u=saiful n=ansible | TASK [common : Include tasks for RedHat based OS] **************************************************************************************
2024-04-04 11:01:05,802 p=64966 u=saiful n=ansible | skipping: [host]
2024-04-04 11:01:05,821 p=64966 u=saiful n=ansible | TASK [repository : Include tasks for Debian based OS] **********************************************************************************
2024-04-04 11:01:05,878 p=64966 u=saiful n=ansible | fatal: [host]: FAILED! => {"reason": "Could not find or access '/Users/saiful/Documents/github/ansible-docker/debian.yml' on the Ansible Controller."}
2024-04-04 11:01:05,882 p=64966 u=saiful n=ansible | PLAY RECAP *****************************************************************************************************************************
2024-04-04 11:01:05,883 p=64966 u=saiful n=ansible | host                       : ok=7    changed=4    unreachable=0    failed=1    skipped=3    rescued=0    ignored=0   
2024-04-04 11:05:34,342 p=65010 u=saiful n=ansible | PLAY [Docker Installation] *************************************************************************************************************
2024-04-04 11:05:34,366 p=65010 u=saiful n=ansible | TASK [Gathering Facts] *****************************************************************************************************************
2024-04-04 11:05:36,731 p=65010 u=saiful n=ansible | ok: [host]
2024-04-04 11:05:36,759 p=65010 u=saiful n=ansible | TASK [pre-tasks : Sanity Check | Fail if the Operating System is not supported] ********************************************************
2024-04-04 11:05:36,798 p=65010 u=saiful n=ansible | skipping: [host]
2024-04-04 11:05:36,833 p=65010 u=saiful n=ansible | TASK [common : Set timezone to Asia/Tokyo] *********************************************************************************************
2024-04-04 11:05:37,538 p=65010 u=saiful n=ansible | ok: [host]
2024-04-04 11:05:37,557 p=65010 u=saiful n=ansible | TASK [common : Include tasks for Debian based OS] **************************************************************************************
2024-04-04 11:05:37,618 p=65010 u=saiful n=ansible | included: /Users/saiful/Documents/github/ansible-docker/roles/common/tasks/debian.yml for host
2024-04-04 11:05:37,635 p=65010 u=saiful n=ansible | TASK [common : Set precedence in /etc/gai.conf] ****************************************************************************************
2024-04-04 11:05:38,256 p=65010 u=saiful n=ansible | ok: [host]
2024-04-04 11:05:38,270 p=65010 u=saiful n=ansible | TASK [common : Modify restart configuration] *******************************************************************************************
2024-04-04 11:05:38,354 p=65010 u=saiful n=ansible | skipping: [host]
2024-04-04 11:05:38,368 p=65010 u=saiful n=ansible | TASK [common : Update package lists] ***************************************************************************************************
2024-04-04 11:05:41,057 p=65010 u=saiful n=ansible | changed: [host]
2024-04-04 11:05:41,072 p=65010 u=saiful n=ansible | TASK [common : Remove Docker-related packages] *****************************************************************************************
2024-04-04 11:05:42,050 p=65010 u=saiful n=ansible | ok: [host] => (item=docker.io)
2024-04-04 11:05:43,264 p=65010 u=saiful n=ansible | ok: [host] => (item=docker-doc)
2024-04-04 11:05:44,389 p=65010 u=saiful n=ansible | ok: [host] => (item=docker-compose)
2024-04-04 11:05:45,428 p=65010 u=saiful n=ansible | ok: [host] => (item=docker-compose-v2)
2024-04-04 11:05:46,447 p=65010 u=saiful n=ansible | ok: [host] => (item=podman-docker)
2024-04-04 11:05:47,362 p=65010 u=saiful n=ansible | ok: [host] => (item=containerd)
2024-04-04 11:05:48,385 p=65010 u=saiful n=ansible | ok: [host] => (item=runc)
2024-04-04 11:05:48,406 p=65010 u=saiful n=ansible | TASK [common : Install required packages] **********************************************************************************************
2024-04-04 11:05:49,615 p=65010 u=saiful n=ansible | ok: [host]
2024-04-04 11:05:49,634 p=65010 u=saiful n=ansible | TASK [common : Include tasks for RedHat based OS] **************************************************************************************
2024-04-04 11:05:49,677 p=65010 u=saiful n=ansible | skipping: [host]
2024-04-04 11:05:49,698 p=65010 u=saiful n=ansible | TASK [repository : Include tasks for Debian based OS] **********************************************************************************
2024-04-04 11:05:49,756 p=65010 u=saiful n=ansible | included: /Users/saiful/Documents/github/ansible-docker/roles/repository/tasks/ubuntu.yml for host
2024-04-04 11:05:49,772 p=65010 u=saiful n=ansible | TASK [repository : Create directory for apt keyrings] **********************************************************************************
2024-04-04 11:05:50,408 p=65010 u=saiful n=ansible | ok: [host]
2024-04-04 11:05:50,422 p=65010 u=saiful n=ansible | TASK [repository : Download Docker GPG key] ********************************************************************************************
2024-04-04 11:05:51,328 p=65010 u=saiful n=ansible | changed: [host]
2024-04-04 11:05:51,341 p=65010 u=saiful n=ansible | TASK [repository : Add Docker repository to Apt sources] *******************************************************************************
2024-04-04 11:05:51,717 p=65010 u=saiful n=ansible | changed: [host]
2024-04-04 11:05:51,730 p=65010 u=saiful n=ansible | TASK [repository : Update Apt cache] ***************************************************************************************************
2024-04-04 11:05:56,707 p=65010 u=saiful n=ansible | changed: [host]
2024-04-04 11:05:56,721 p=65010 u=saiful n=ansible | TASK [repository : Include tasks for RedHat based OS] **********************************************************************************
2024-04-04 11:05:56,767 p=65010 u=saiful n=ansible | skipping: [host]
2024-04-04 11:05:56,797 p=65010 u=saiful n=ansible | TASK [docker : Include tasks for Debian based OS] **************************************************************************************
2024-04-04 11:05:56,850 p=65010 u=saiful n=ansible | included: /Users/saiful/Documents/github/ansible-docker/roles/docker/tasks/ubuntu.yml for host
2024-04-04 11:05:56,864 p=65010 u=saiful n=ansible | TASK [docker : Install Docker-related packages] ****************************************************************************************
2024-04-04 11:05:57,894 p=65010 u=saiful n=ansible | fatal: [host]: FAILED! => {"changed": false, "msg": "No package matching 'docker-ce' is available"}
2024-04-04 11:05:57,897 p=65010 u=saiful n=ansible | PLAY RECAP *****************************************************************************************************************************
2024-04-04 11:05:57,898 p=65010 u=saiful n=ansible | host                       : ok=13   changed=4    unreachable=0    failed=1    skipped=4    rescued=0    ignored=0   
2024-04-04 11:10:39,702 p=65081 u=saiful n=ansible | PLAY [Docker Installation] *************************************************************************************************************
2024-04-04 11:10:39,727 p=65081 u=saiful n=ansible | TASK [Gathering Facts] *****************************************************************************************************************
2024-04-04 11:10:42,018 p=65081 u=saiful n=ansible | ok: [host]
2024-04-04 11:10:42,046 p=65081 u=saiful n=ansible | TASK [pre-tasks : Sanity Check | Fail if the Operating System is not supported] ********************************************************
2024-04-04 11:10:42,085 p=65081 u=saiful n=ansible | skipping: [host]
2024-04-04 11:10:42,116 p=65081 u=saiful n=ansible | TASK [common : Set timezone to Asia/Tokyo] *********************************************************************************************
2024-04-04 11:10:42,800 p=65081 u=saiful n=ansible | ok: [host]
2024-04-04 11:10:42,814 p=65081 u=saiful n=ansible | TASK [common : Include tasks for Debian based OS] **************************************************************************************
2024-04-04 11:10:42,873 p=65081 u=saiful n=ansible | included: /Users/saiful/Documents/github/ansible-docker/roles/common/tasks/debian.yml for host
2024-04-04 11:10:42,897 p=65081 u=saiful n=ansible | TASK [common : Set precedence in /etc/gai.conf] ****************************************************************************************
2024-04-04 11:10:43,471 p=65081 u=saiful n=ansible | ok: [host]
2024-04-04 11:10:43,488 p=65081 u=saiful n=ansible | TASK [common : Modify restart configuration] *******************************************************************************************
2024-04-04 11:10:43,569 p=65081 u=saiful n=ansible | skipping: [host]
2024-04-04 11:10:43,585 p=65081 u=saiful n=ansible | TASK [common : Update package lists] ***************************************************************************************************
2024-04-04 11:10:46,562 p=65081 u=saiful n=ansible | changed: [host]
2024-04-04 11:10:46,579 p=65081 u=saiful n=ansible | TASK [common : Remove Docker-related packages] *****************************************************************************************
2024-04-04 11:10:47,604 p=65081 u=saiful n=ansible | ok: [host] => (item=docker.io)
2024-04-04 11:10:48,524 p=65081 u=saiful n=ansible | ok: [host] => (item=docker-doc)
2024-04-04 11:10:49,389 p=65081 u=saiful n=ansible | ok: [host] => (item=docker-compose)
2024-04-04 11:10:50,286 p=65081 u=saiful n=ansible | ok: [host] => (item=docker-compose-v2)
2024-04-04 11:10:51,188 p=65081 u=saiful n=ansible | ok: [host] => (item=podman-docker)
2024-04-04 11:10:52,008 p=65081 u=saiful n=ansible | ok: [host] => (item=containerd)
2024-04-04 11:10:52,765 p=65081 u=saiful n=ansible | ok: [host] => (item=runc)
2024-04-04 11:10:52,785 p=65081 u=saiful n=ansible | TASK [common : Install required packages] **********************************************************************************************
2024-04-04 11:10:53,964 p=65081 u=saiful n=ansible | ok: [host]
2024-04-04 11:10:53,978 p=65081 u=saiful n=ansible | TASK [common : Include tasks for RedHat based OS] **************************************************************************************
2024-04-04 11:10:54,019 p=65081 u=saiful n=ansible | skipping: [host]
2024-04-04 11:10:54,039 p=65081 u=saiful n=ansible | TASK [repository : Include tasks for Debian based OS] **********************************************************************************
2024-04-04 11:10:54,101 p=65081 u=saiful n=ansible | included: /Users/saiful/Documents/github/ansible-docker/roles/repository/tasks/ubuntu.yml for host
2024-04-04 11:10:54,116 p=65081 u=saiful n=ansible | TASK [repository : Create directory for apt keyrings] **********************************************************************************
2024-04-04 11:10:54,738 p=65081 u=saiful n=ansible | ok: [host]
2024-04-04 11:10:54,752 p=65081 u=saiful n=ansible | TASK [repository : Download Docker GPG key] ********************************************************************************************
2024-04-04 11:10:55,743 p=65081 u=saiful n=ansible | ok: [host]
2024-04-04 11:10:55,758 p=65081 u=saiful n=ansible | TASK [repository : Add Docker repository to Apt sources] *******************************************************************************
2024-04-04 11:10:56,164 p=65081 u=saiful n=ansible | ok: [host]
2024-04-04 11:10:56,177 p=65081 u=saiful n=ansible | TASK [repository : Update Apt cache] ***************************************************************************************************
2024-04-04 11:10:58,792 p=65081 u=saiful n=ansible | changed: [host]
2024-04-04 11:10:58,806 p=65081 u=saiful n=ansible | TASK [repository : Include tasks for RedHat based OS] **********************************************************************************
2024-04-04 11:10:58,848 p=65081 u=saiful n=ansible | skipping: [host]
2024-04-04 11:10:58,877 p=65081 u=saiful n=ansible | TASK [docker : Include tasks for Debian based OS] **************************************************************************************
2024-04-04 11:10:58,937 p=65081 u=saiful n=ansible | included: /Users/saiful/Documents/github/ansible-docker/roles/docker/tasks/ubuntu.yml for host
2024-04-04 11:10:58,958 p=65081 u=saiful n=ansible | TASK [docker : Install Docker-related packages] ****************************************************************************************
2024-04-04 11:10:59,872 p=65081 u=saiful n=ansible | fatal: [host]: FAILED! => {"changed": false, "msg": "No package matching 'docker-ce' is available"}
2024-04-04 11:10:59,875 p=65081 u=saiful n=ansible | PLAY RECAP *****************************************************************************************************************************
2024-04-04 11:10:59,875 p=65081 u=saiful n=ansible | host                       : ok=13   changed=2    unreachable=0    failed=1    skipped=4    rescued=0    ignored=0   
2024-04-04 11:23:40,392 p=65289 u=saiful n=ansible | PLAY [Docker Installation] *************************************************************************************************************
2024-04-04 11:23:40,416 p=65289 u=saiful n=ansible | TASK [Gathering Facts] *****************************************************************************************************************
2024-04-04 11:23:41,694 p=65289 u=saiful n=ansible |  [ERROR]: User interrupted execution

2024-04-04 11:24:27,358 p=65303 u=saiful n=ansible | PLAY [Docker Installation] *************************************************************************************************************
2024-04-04 11:24:27,386 p=65303 u=saiful n=ansible | TASK [Gathering Facts] *****************************************************************************************************************
2024-04-04 11:24:29,156 p=65303 u=saiful n=ansible | ok: [host]
2024-04-04 11:24:29,181 p=65303 u=saiful n=ansible | TASK [pre-tasks : Sanity Check | Fail if the Operating System is not supported] ********************************************************
2024-04-04 11:24:29,235 p=65303 u=saiful n=ansible | skipping: [host]
2024-04-04 11:24:29,263 p=65303 u=saiful n=ansible | TASK [common : Set timezone to Asia/Tokyo] *********************************************************************************************
2024-04-04 11:24:29,928 p=65303 u=saiful n=ansible | ok: [host]
2024-04-04 11:24:29,943 p=65303 u=saiful n=ansible | TASK [common : Include tasks for Debian based OS] **************************************************************************************
2024-04-04 11:24:30,003 p=65303 u=saiful n=ansible | included: /Users/saiful/Documents/github/ansible-docker/roles/common/tasks/debian.yml for host
2024-04-04 11:24:30,020 p=65303 u=saiful n=ansible | TASK [common : Set precedence in /etc/gai.conf] ****************************************************************************************
2024-04-04 11:24:30,572 p=65303 u=saiful n=ansible | ok: [host]
2024-04-04 11:24:30,585 p=65303 u=saiful n=ansible | TASK [common : Modify restart configuration] *******************************************************************************************
2024-04-04 11:24:30,668 p=65303 u=saiful n=ansible | skipping: [host]
2024-04-04 11:24:30,687 p=65303 u=saiful n=ansible | TASK [common : Update package lists] ***************************************************************************************************
2024-04-04 11:24:33,330 p=65303 u=saiful n=ansible | changed: [host]
2024-04-04 11:24:33,349 p=65303 u=saiful n=ansible | TASK [common : Remove Docker-related packages] *****************************************************************************************
2024-04-04 11:24:34,251 p=65303 u=saiful n=ansible | ok: [host] => (item=docker.io)
2024-04-04 11:24:35,137 p=65303 u=saiful n=ansible | ok: [host] => (item=docker-doc)
2024-04-04 11:24:35,913 p=65303 u=saiful n=ansible | ok: [host] => (item=docker-compose)
2024-04-04 11:24:36,721 p=65303 u=saiful n=ansible | ok: [host] => (item=docker-compose-v2)
2024-04-04 11:24:37,516 p=65303 u=saiful n=ansible | ok: [host] => (item=podman-docker)
2024-04-04 11:24:38,274 p=65303 u=saiful n=ansible | ok: [host] => (item=containerd)
2024-04-04 11:24:39,000 p=65303 u=saiful n=ansible | ok: [host] => (item=runc)
2024-04-04 11:24:39,018 p=65303 u=saiful n=ansible | TASK [common : Install required packages] **********************************************************************************************
2024-04-04 11:24:40,064 p=65303 u=saiful n=ansible | ok: [host]
2024-04-04 11:24:40,079 p=65303 u=saiful n=ansible | TASK [common : Include tasks for RedHat based OS] **************************************************************************************
2024-04-04 11:24:40,119 p=65303 u=saiful n=ansible | skipping: [host]
2024-04-04 11:24:40,141 p=65303 u=saiful n=ansible | TASK [repository : Include tasks for Debian based OS] **********************************************************************************
2024-04-04 11:24:40,196 p=65303 u=saiful n=ansible | included: /Users/saiful/Documents/github/ansible-docker/roles/repository/tasks/ubuntu.yml for host
2024-04-04 11:24:40,213 p=65303 u=saiful n=ansible | TASK [repository : Create directory for apt keyrings] **********************************************************************************
2024-04-04 11:24:40,692 p=65303 u=saiful n=ansible | ok: [host]
2024-04-04 11:24:40,706 p=65303 u=saiful n=ansible | TASK [repository : Download Docker GPG key] ********************************************************************************************
2024-04-04 11:24:41,426 p=65303 u=saiful n=ansible | ok: [host]
2024-04-04 11:24:41,442 p=65303 u=saiful n=ansible | TASK [repository : Get DEB architecture] ***********************************************************************************************
2024-04-04 11:24:41,920 p=65303 u=saiful n=ansible | changed: [host]
2024-04-04 11:24:41,934 p=65303 u=saiful n=ansible | TASK [repository : Add Docker repository to Apt sources] *******************************************************************************
2024-04-04 11:24:41,974 p=65303 u=saiful n=ansible | fatal: [host]: FAILED! => {"msg": "The task includes an option with an undefined variable. The error was: 'adeb_architecture' is undefined. 'adeb_architecture' is undefined\n\nThe error appears to be in '/Users/saiful/Documents/github/ansible-docker/roles/repository/tasks/ubuntu.yml': line 17, column 3, but may\nbe elsewhere in the file depending on the exact syntax problem.\n\nThe offending line appears to be:\n\n\n- name: Add Docker repository to Apt sources\n  ^ here\n"}
2024-04-04 11:24:41,976 p=65303 u=saiful n=ansible | PLAY RECAP *****************************************************************************************************************************
2024-04-04 11:24:41,977 p=65303 u=saiful n=ansible | host                       : ok=11   changed=2    unreachable=0    failed=1    skipped=3    rescued=0    ignored=0   
2024-04-04 11:25:55,919 p=65342 u=saiful n=ansible | PLAY [Docker Installation] *************************************************************************************************************
2024-04-04 11:25:55,942 p=65342 u=saiful n=ansible | TASK [Gathering Facts] *****************************************************************************************************************
2024-04-04 11:25:58,131 p=65342 u=saiful n=ansible | ok: [host]
2024-04-04 11:25:58,156 p=65342 u=saiful n=ansible | TASK [pre-tasks : Sanity Check | Fail if the Operating System is not supported] ********************************************************
2024-04-04 11:25:58,194 p=65342 u=saiful n=ansible | skipping: [host]
2024-04-04 11:25:58,224 p=65342 u=saiful n=ansible | TASK [common : Set timezone to Asia/Tokyo] *********************************************************************************************
2024-04-04 11:25:58,873 p=65342 u=saiful n=ansible | ok: [host]
2024-04-04 11:25:58,885 p=65342 u=saiful n=ansible | TASK [common : Include tasks for Debian based OS] **************************************************************************************
2024-04-04 11:25:58,943 p=65342 u=saiful n=ansible | included: /Users/saiful/Documents/github/ansible-docker/roles/common/tasks/debian.yml for host
2024-04-04 11:25:58,962 p=65342 u=saiful n=ansible | TASK [common : Set precedence in /etc/gai.conf] ****************************************************************************************
2024-04-04 11:25:59,489 p=65342 u=saiful n=ansible | ok: [host]
2024-04-04 11:25:59,502 p=65342 u=saiful n=ansible | TASK [common : Modify restart configuration] *******************************************************************************************
2024-04-04 11:25:59,571 p=65342 u=saiful n=ansible | skipping: [host]
2024-04-04 11:25:59,584 p=65342 u=saiful n=ansible | TASK [common : Update package lists] ***************************************************************************************************
2024-04-04 11:26:02,261 p=65342 u=saiful n=ansible | changed: [host]
2024-04-04 11:26:02,277 p=65342 u=saiful n=ansible | TASK [common : Remove Docker-related packages] *****************************************************************************************
2024-04-04 11:26:03,073 p=65342 u=saiful n=ansible | ok: [host] => (item=docker.io)
2024-04-04 11:26:03,813 p=65342 u=saiful n=ansible | ok: [host] => (item=docker-doc)
2024-04-04 11:26:04,580 p=65342 u=saiful n=ansible | ok: [host] => (item=docker-compose)
2024-04-04 11:26:05,329 p=65342 u=saiful n=ansible | ok: [host] => (item=docker-compose-v2)
2024-04-04 11:26:06,139 p=65342 u=saiful n=ansible | ok: [host] => (item=podman-docker)
2024-04-04 11:26:06,922 p=65342 u=saiful n=ansible | ok: [host] => (item=containerd)
2024-04-04 11:26:07,666 p=65342 u=saiful n=ansible | ok: [host] => (item=runc)
2024-04-04 11:26:07,684 p=65342 u=saiful n=ansible | TASK [common : Install required packages] **********************************************************************************************
2024-04-04 11:26:08,801 p=65342 u=saiful n=ansible | ok: [host]
2024-04-04 11:26:08,814 p=65342 u=saiful n=ansible | TASK [common : Include tasks for RedHat based OS] **************************************************************************************
2024-04-04 11:26:08,855 p=65342 u=saiful n=ansible | skipping: [host]
2024-04-04 11:26:08,880 p=65342 u=saiful n=ansible | TASK [repository : Include tasks for Debian based OS] **********************************************************************************
2024-04-04 11:26:08,936 p=65342 u=saiful n=ansible | included: /Users/saiful/Documents/github/ansible-docker/roles/repository/tasks/ubuntu.yml for host
2024-04-04 11:26:08,957 p=65342 u=saiful n=ansible | TASK [repository : Create directory for apt keyrings] **********************************************************************************
2024-04-04 11:26:09,522 p=65342 u=saiful n=ansible | ok: [host]
2024-04-04 11:26:09,536 p=65342 u=saiful n=ansible | TASK [repository : Download Docker GPG key] ********************************************************************************************
2024-04-04 11:26:10,237 p=65342 u=saiful n=ansible | ok: [host]
2024-04-04 11:26:10,252 p=65342 u=saiful n=ansible | TASK [repository : Get DEB architecture] ***********************************************************************************************
2024-04-04 11:26:10,745 p=65342 u=saiful n=ansible | changed: [host]
2024-04-04 11:26:10,758 p=65342 u=saiful n=ansible | TASK [repository : Add Docker repository to Apt sources] *******************************************************************************
2024-04-04 11:26:11,109 p=65342 u=saiful n=ansible | changed: [host]
2024-04-04 11:26:11,128 p=65342 u=saiful n=ansible | TASK [repository : Update Apt cache] ***************************************************************************************************
2024-04-04 11:26:16,171 p=65342 u=saiful n=ansible | changed: [host]
2024-04-04 11:26:16,184 p=65342 u=saiful n=ansible | TASK [repository : Include tasks for RedHat based OS] **********************************************************************************
2024-04-04 11:26:16,225 p=65342 u=saiful n=ansible | skipping: [host]
2024-04-04 11:26:16,241 p=65342 u=saiful n=ansible | TASK [docker : Include tasks for Debian based OS] **************************************************************************************
2024-04-04 11:26:16,309 p=65342 u=saiful n=ansible | included: /Users/saiful/Documents/github/ansible-docker/roles/docker/tasks/ubuntu.yml for host
2024-04-04 11:26:16,317 p=65342 u=saiful n=ansible | TASK [docker : Install Docker-related packages] ****************************************************************************************
2024-04-04 11:26:36,054 p=65342 u=saiful n=ansible | changed: [host]
2024-04-04 11:26:36,066 p=65342 u=saiful n=ansible | TASK [docker : Include tasks for RedHat based OS] **************************************************************************************
2024-04-04 11:26:36,104 p=65342 u=saiful n=ansible | skipping: [host]
2024-04-04 11:26:36,130 p=65342 u=saiful n=ansible | TASK [post-install : Include tasks for Debian based OS] ********************************************************************************
2024-04-04 11:26:36,171 p=65342 u=saiful n=ansible | fatal: [host]: FAILED! => {"msg": "The conditional check 'post-install == 'true'' failed. The error was: error while evaluating conditional (post-install == 'true'): 'post' is undefined. 'post' is undefined\n\nThe error appears to be in '/Users/saiful/Documents/github/ansible-docker/roles/post-install/tasks/main.yml': line 1, column 3, but may\nbe elsewhere in the file depending on the exact syntax problem.\n\nThe offending line appears to be:\n\n\n- name: Include tasks for Debian based OS\n  ^ here\n"}
2024-04-04 11:26:36,175 p=65342 u=saiful n=ansible | PLAY RECAP *****************************************************************************************************************************
2024-04-04 11:26:36,176 p=65342 u=saiful n=ansible | host                       : ok=15   changed=5    unreachable=0    failed=1    skipped=5    rescued=0    ignored=0   
2024-04-04 11:31:55,962 p=65404 u=saiful n=ansible | PLAY [Docker Installation] *************************************************************************************************************
2024-04-04 11:31:55,984 p=65404 u=saiful n=ansible | TASK [Gathering Facts] *****************************************************************************************************************
2024-04-04 11:31:58,298 p=65404 u=saiful n=ansible | ok: [host]
2024-04-04 11:31:58,325 p=65404 u=saiful n=ansible | TASK [pre-tasks : Sanity Check | Fail if the Operating System is not supported] ********************************************************
2024-04-04 11:31:58,361 p=65404 u=saiful n=ansible | skipping: [host]
2024-04-04 11:31:58,388 p=65404 u=saiful n=ansible | TASK [common : Set timezone to Asia/Tokyo] *********************************************************************************************
2024-04-04 11:31:58,996 p=65404 u=saiful n=ansible | ok: [host]
2024-04-04 11:31:59,011 p=65404 u=saiful n=ansible | TASK [common : Include tasks for Debian based OS] **************************************************************************************
2024-04-04 11:31:59,068 p=65404 u=saiful n=ansible | included: /Users/saiful/Documents/github/ansible-docker/roles/common/tasks/debian.yml for host
2024-04-04 11:31:59,084 p=65404 u=saiful n=ansible | TASK [common : Set precedence in /etc/gai.conf] ****************************************************************************************
2024-04-04 11:31:59,608 p=65404 u=saiful n=ansible | ok: [host]
2024-04-04 11:31:59,623 p=65404 u=saiful n=ansible | TASK [common : Modify restart configuration] *******************************************************************************************
2024-04-04 11:31:59,691 p=65404 u=saiful n=ansible | skipping: [host]
2024-04-04 11:31:59,705 p=65404 u=saiful n=ansible | TASK [common : Update package lists] ***************************************************************************************************
2024-04-04 11:32:02,547 p=65404 u=saiful n=ansible | changed: [host]
2024-04-04 11:32:02,564 p=65404 u=saiful n=ansible | TASK [common : Remove Docker-related packages] *****************************************************************************************
2024-04-04 11:32:03,394 p=65404 u=saiful n=ansible | ok: [host] => (item=docker.io)
2024-04-04 11:32:04,545 p=65404 u=saiful n=ansible | ok: [host] => (item=docker-doc)
2024-04-04 11:32:05,573 p=65404 u=saiful n=ansible | ok: [host] => (item=docker-compose)
2024-04-04 11:32:06,361 p=65404 u=saiful n=ansible | ok: [host] => (item=docker-compose-v2)
2024-04-04 11:32:07,148 p=65404 u=saiful n=ansible | ok: [host] => (item=podman-docker)
2024-04-04 11:32:07,933 p=65404 u=saiful n=ansible | ok: [host] => (item=containerd)
2024-04-04 11:32:08,701 p=65404 u=saiful n=ansible | ok: [host] => (item=runc)
2024-04-04 11:32:08,730 p=65404 u=saiful n=ansible | TASK [common : Install required packages] **********************************************************************************************
2024-04-04 11:32:09,996 p=65404 u=saiful n=ansible | ok: [host]
2024-04-04 11:32:10,010 p=65404 u=saiful n=ansible | TASK [common : Include tasks for RedHat based OS] **************************************************************************************
2024-04-04 11:32:10,050 p=65404 u=saiful n=ansible | skipping: [host]
2024-04-04 11:32:10,073 p=65404 u=saiful n=ansible | TASK [repository : Include tasks for Debian based OS] **********************************************************************************
2024-04-04 11:32:10,127 p=65404 u=saiful n=ansible | included: /Users/saiful/Documents/github/ansible-docker/roles/repository/tasks/ubuntu.yml for host
2024-04-04 11:32:10,143 p=65404 u=saiful n=ansible | TASK [repository : Create directory for apt keyrings] **********************************************************************************
2024-04-04 11:32:10,737 p=65404 u=saiful n=ansible | ok: [host]
2024-04-04 11:32:10,753 p=65404 u=saiful n=ansible | TASK [repository : Download Docker GPG key] ********************************************************************************************
2024-04-04 11:32:11,546 p=65404 u=saiful n=ansible | ok: [host]
2024-04-04 11:32:11,561 p=65404 u=saiful n=ansible | TASK [repository : Get DEB architecture] ***********************************************************************************************
2024-04-04 11:32:12,187 p=65404 u=saiful n=ansible | changed: [host]
2024-04-04 11:32:12,202 p=65404 u=saiful n=ansible | TASK [repository : Add Docker repository to Apt sources] *******************************************************************************
2024-04-04 11:32:12,576 p=65404 u=saiful n=ansible | ok: [host]
2024-04-04 11:32:12,590 p=65404 u=saiful n=ansible | TASK [repository : Update Apt cache] ***************************************************************************************************
2024-04-04 11:32:15,369 p=65404 u=saiful n=ansible | changed: [host]
2024-04-04 11:32:15,383 p=65404 u=saiful n=ansible | TASK [repository : Include tasks for RedHat based OS] **********************************************************************************
2024-04-04 11:32:15,422 p=65404 u=saiful n=ansible | skipping: [host]
2024-04-04 11:32:15,441 p=65404 u=saiful n=ansible | TASK [docker : Include tasks for Debian based OS] **************************************************************************************
2024-04-04 11:32:15,498 p=65404 u=saiful n=ansible | included: /Users/saiful/Documents/github/ansible-docker/roles/docker/tasks/ubuntu.yml for host
2024-04-04 11:32:15,511 p=65404 u=saiful n=ansible | TASK [docker : Install Docker-related packages] ****************************************************************************************
2024-04-04 11:32:16,688 p=65404 u=saiful n=ansible | ok: [host]
2024-04-04 11:32:16,701 p=65404 u=saiful n=ansible | TASK [docker : Include tasks for RedHat based OS] **************************************************************************************
2024-04-04 11:32:16,754 p=65404 u=saiful n=ansible | skipping: [host]
2024-04-04 11:32:16,782 p=65404 u=saiful n=ansible | TASK [post-install : Include tasks for Debian based OS] ********************************************************************************
2024-04-04 11:32:16,844 p=65404 u=saiful n=ansible | included: /Users/saiful/Documents/github/ansible-docker/roles/post-install/tasks/ubuntu.yml for host
2024-04-04 11:32:16,856 p=65404 u=saiful n=ansible | TASK [post-install : Add user to docker group] *****************************************************************************************
2024-04-04 11:32:17,514 p=65404 u=saiful n=ansible | changed: [host]
2024-04-04 11:32:17,528 p=65404 u=saiful n=ansible | TASK [post-install : Include tasks for RedHat based OS] ********************************************************************************
2024-04-04 11:32:17,566 p=65404 u=saiful n=ansible | skipping: [host]
2024-04-04 11:32:17,610 p=65404 u=saiful n=ansible | PLAY RECAP *****************************************************************************************************************************
2024-04-04 11:32:17,611 p=65404 u=saiful n=ansible | host                       : ok=17   changed=4    unreachable=0    failed=0    skipped=6    rescued=0    ignored=0   
2024-04-04 11:38:41,058 p=65477 u=saiful n=ansible | PLAY [Docker Installation] *************************************************************************************************************
2024-04-04 11:38:41,083 p=65477 u=saiful n=ansible | TASK [Gathering Facts] *****************************************************************************************************************
2024-04-04 11:38:43,405 p=65477 u=saiful n=ansible | ok: [host]
2024-04-04 11:38:43,433 p=65477 u=saiful n=ansible | TASK [pre-tasks : Sanity Check | Fail if the Operating System is not supported] ********************************************************
2024-04-04 11:38:43,470 p=65477 u=saiful n=ansible | skipping: [host]
2024-04-04 11:38:43,497 p=65477 u=saiful n=ansible | TASK [common : Set timezone to Asia/Tokyo] *********************************************************************************************
2024-04-04 11:38:44,091 p=65477 u=saiful n=ansible | ok: [host]
2024-04-04 11:38:44,107 p=65477 u=saiful n=ansible | TASK [common : Include tasks for Debian based OS] **************************************************************************************
2024-04-04 11:38:44,182 p=65477 u=saiful n=ansible | ERROR! couldn't resolve module/action 'ansible.builtin.environment'. This often indicates a misspelling, missing collection, or incorrect module path.

The error appears to be in '/Users/saiful/Documents/github/ansible-docker/roles/common/tasks/debian.yml': line 1, column 3, but may
be elsewhere in the file depending on the exact syntax problem.

The offending line appears to be:


- name: Set DEBIAN_FRONTEND environment variable
  ^ here

2024-04-04 11:45:34,175 p=65552 u=saiful n=ansible | PLAY [Docker Installation] *************************************************************************************************************
2024-04-04 11:45:34,206 p=65552 u=saiful n=ansible | TASK [Gathering Facts] *****************************************************************************************************************
2024-04-04 11:45:37,030 p=65552 u=saiful n=ansible | ok: [host]
2024-04-04 11:45:37,088 p=65552 u=saiful n=ansible | TASK [pre-tasks : Sanity Check | Fail if the Operating System is not supported] ********************************************************
2024-04-04 11:45:37,157 p=65552 u=saiful n=ansible | skipping: [host]
2024-04-04 11:45:37,206 p=65552 u=saiful n=ansible | TASK [common : Set timezone to Asia/Tokyo] *********************************************************************************************
2024-04-04 11:45:38,032 p=65552 u=saiful n=ansible | ok: [host]
2024-04-04 11:45:38,045 p=65552 u=saiful n=ansible | TASK [common : Include tasks for Debian based OS] **************************************************************************************
2024-04-04 11:45:38,112 p=65552 u=saiful n=ansible | included: /Users/saiful/Documents/github/ansible-docker/roles/common/tasks/debian.yml for host
2024-04-04 11:45:38,130 p=65552 u=saiful n=ansible | TASK [common : Set precedence in /etc/gai.conf] ****************************************************************************************
2024-04-04 11:45:38,753 p=65552 u=saiful n=ansible | ok: [host]
2024-04-04 11:45:38,767 p=65552 u=saiful n=ansible | TASK [common : Modify restart configuration] *******************************************************************************************
2024-04-04 11:45:39,088 p=65552 u=saiful n=ansible | changed: [host]
2024-04-04 11:45:39,101 p=65552 u=saiful n=ansible | TASK [common : Update package lists] ***************************************************************************************************
2024-04-04 11:45:44,191 p=65552 u=saiful n=ansible | changed: [host]
2024-04-04 11:45:44,210 p=65552 u=saiful n=ansible | TASK [common : Remove Docker-related packages] *****************************************************************************************
2024-04-04 11:45:45,000 p=65552 u=saiful n=ansible | ok: [host] => (item=docker.io)
2024-04-04 11:45:45,832 p=65552 u=saiful n=ansible | ok: [host] => (item=docker-doc)
2024-04-04 11:45:46,619 p=65552 u=saiful n=ansible | ok: [host] => (item=docker-compose)
2024-04-04 11:45:47,490 p=65552 u=saiful n=ansible | ok: [host] => (item=docker-compose-v2)
2024-04-04 11:45:48,358 p=65552 u=saiful n=ansible | ok: [host] => (item=podman-docker)
2024-04-04 11:45:49,147 p=65552 u=saiful n=ansible | ok: [host] => (item=containerd)
2024-04-04 11:45:49,996 p=65552 u=saiful n=ansible | ok: [host] => (item=runc)
2024-04-04 11:45:50,015 p=65552 u=saiful n=ansible | TASK [common : Install required packages] **********************************************************************************************
2024-04-04 11:45:51,074 p=65552 u=saiful n=ansible | ok: [host]
2024-04-04 11:45:51,090 p=65552 u=saiful n=ansible | TASK [common : Include tasks for RedHat based OS] **************************************************************************************
2024-04-04 11:45:51,130 p=65552 u=saiful n=ansible | skipping: [host]
2024-04-04 11:45:51,148 p=65552 u=saiful n=ansible | TASK [repository : Include tasks for Debian based OS] **********************************************************************************
2024-04-04 11:45:51,210 p=65552 u=saiful n=ansible | included: /Users/saiful/Documents/github/ansible-docker/roles/repository/tasks/ubuntu.yml for host
2024-04-04 11:45:51,228 p=65552 u=saiful n=ansible | TASK [repository : Create directory for apt keyrings] **********************************************************************************
2024-04-04 11:45:51,742 p=65552 u=saiful n=ansible | ok: [host]
2024-04-04 11:45:51,757 p=65552 u=saiful n=ansible | TASK [repository : Download Docker GPG key] ********************************************************************************************
2024-04-04 11:45:52,560 p=65552 u=saiful n=ansible | ok: [host]
2024-04-04 11:45:52,578 p=65552 u=saiful n=ansible | TASK [repository : Get DEB architecture] ***********************************************************************************************
2024-04-04 11:45:53,282 p=65552 u=saiful n=ansible | changed: [host]
2024-04-04 11:45:53,297 p=65552 u=saiful n=ansible | TASK [repository : Add Docker repository to Apt sources] *******************************************************************************
2024-04-04 11:45:53,652 p=65552 u=saiful n=ansible | ok: [host]
2024-04-04 11:45:53,665 p=65552 u=saiful n=ansible | TASK [repository : Update Apt cache] ***************************************************************************************************
2024-04-04 11:45:56,602 p=65552 u=saiful n=ansible | changed: [host]
2024-04-04 11:45:56,615 p=65552 u=saiful n=ansible | TASK [repository : Include tasks for RedHat based OS] **********************************************************************************
2024-04-04 11:45:56,665 p=65552 u=saiful n=ansible | skipping: [host]
2024-04-04 11:45:56,695 p=65552 u=saiful n=ansible | TASK [docker : Include tasks for Debian based OS] **************************************************************************************
2024-04-04 11:45:56,745 p=65552 u=saiful n=ansible | included: /Users/saiful/Documents/github/ansible-docker/roles/docker/tasks/ubuntu.yml for host
2024-04-04 11:45:56,760 p=65552 u=saiful n=ansible | TASK [docker : Install Docker-related packages] ****************************************************************************************
2024-04-04 11:45:57,983 p=65552 u=saiful n=ansible | ok: [host]
2024-04-04 11:45:57,996 p=65552 u=saiful n=ansible | TASK [docker : Include tasks for RedHat based OS] **************************************************************************************
2024-04-04 11:45:58,039 p=65552 u=saiful n=ansible | skipping: [host]
2024-04-04 11:45:58,063 p=65552 u=saiful n=ansible | TASK [post-install : Include tasks for Debian based OS] ********************************************************************************
2024-04-04 11:45:58,115 p=65552 u=saiful n=ansible | included: /Users/saiful/Documents/github/ansible-docker/roles/post-install/tasks/ubuntu.yml for host
2024-04-04 11:45:58,123 p=65552 u=saiful n=ansible | TASK [post-install : Add user to docker group] *****************************************************************************************
2024-04-04 11:45:58,812 p=65552 u=saiful n=ansible | ok: [host]
2024-04-04 11:45:58,827 p=65552 u=saiful n=ansible | TASK [post-install : Include tasks for RedHat based OS] ********************************************************************************
2024-04-04 11:45:58,867 p=65552 u=saiful n=ansible | skipping: [host]
2024-04-04 11:45:58,913 p=65552 u=saiful n=ansible | PLAY RECAP *****************************************************************************************************************************
2024-04-04 11:45:58,914 p=65552 u=saiful n=ansible | host                       : ok=18   changed=4    unreachable=0    failed=0    skipped=5    rescued=0    ignored=0   
2024-04-04 12:16:07,919 p=65749 u=saiful n=ansible | PLAY [linux] ***************************************************************************************************************************
2024-04-04 12:16:07,944 p=65749 u=saiful n=ansible | TASK [Gathering Facts] *****************************************************************************************************************
2024-04-04 12:16:09,595 p=65749 u=saiful n=ansible | ok: [host]
2024-04-04 12:16:09,620 p=65749 u=saiful n=ansible | TASK [Test ping connection] ************************************************************************************************************
2024-04-04 12:16:10,053 p=65749 u=saiful n=ansible | ok: [host]
2024-04-04 12:16:10,093 p=65749 u=saiful n=ansible | PLAY RECAP *****************************************************************************************************************************
2024-04-04 12:16:10,093 p=65749 u=saiful n=ansible | host                       : ok=2    changed=0    unreachable=0    failed=0    skipped=0    rescued=0    ignored=0   
2024-04-04 12:16:39,196 p=65765 u=saiful n=ansible | PLAY [linux] ***************************************************************************************************************************
2024-04-04 12:16:39,215 p=65765 u=saiful n=ansible | TASK [Gathering Facts] *****************************************************************************************************************
2024-04-04 12:16:41,026 p=65765 u=saiful n=ansible | ok: [debian]
2024-04-04 12:16:42,049 p=65765 u=saiful n=ansible | ok: [ubuntu]
2024-04-04 12:16:42,090 p=65765 u=saiful n=ansible | TASK [Test ping connection] ************************************************************************************************************
2024-04-04 12:16:42,523 p=65765 u=saiful n=ansible | ok: [debian]
2024-04-04 12:16:42,526 p=65765 u=saiful n=ansible | ok: [ubuntu]
2024-04-04 12:16:42,591 p=65765 u=saiful n=ansible | PLAY RECAP *****************************************************************************************************************************
2024-04-04 12:16:42,591 p=65765 u=saiful n=ansible | debian                     : ok=2    changed=0    unreachable=0    failed=0    skipped=0    rescued=0    ignored=0   
2024-04-04 12:16:42,592 p=65765 u=saiful n=ansible | ubuntu                     : ok=2    changed=0    unreachable=0    failed=0    skipped=0    rescued=0    ignored=0   
2024-04-04 12:16:54,687 p=65785 u=saiful n=ansible | PLAY [Docker Installation] *************************************************************************************************************
2024-04-04 12:16:54,709 p=65785 u=saiful n=ansible | TASK [Gathering Facts] *****************************************************************************************************************
2024-04-04 12:16:56,063 p=65785 u=saiful n=ansible | ok: [debian]
2024-04-04 12:16:56,377 p=65785 u=saiful n=ansible | ok: [ubuntu]
2024-04-04 12:16:56,417 p=65785 u=saiful n=ansible | TASK [pre-tasks : Sanity Check | Fail if the Operating System is not supported] ********************************************************
2024-04-04 12:16:56,453 p=65785 u=saiful n=ansible | skipping: [ubuntu]
2024-04-04 12:16:56,480 p=65785 u=saiful n=ansible | skipping: [debian]
2024-04-04 12:16:56,512 p=65785 u=saiful n=ansible | TASK [common : Set timezone to Asia/Tokyo] *********************************************************************************************
2024-04-04 12:16:57,132 p=65785 u=saiful n=ansible | ok: [ubuntu]
2024-04-04 12:16:57,134 p=65785 u=saiful n=ansible | changed: [debian]
2024-04-04 12:16:57,147 p=65785 u=saiful n=ansible | TASK [common : Include tasks for Debian based OS] **************************************************************************************
2024-04-04 12:16:57,228 p=65785 u=saiful n=ansible | included: /Users/saiful/Documents/github/ansible-docker/roles/common/tasks/debian.yml for ubuntu, debian
2024-04-04 12:16:57,241 p=65785 u=saiful n=ansible | TASK [common : Set precedence in /etc/gai.conf] ****************************************************************************************
2024-04-04 12:16:57,693 p=65785 u=saiful n=ansible | [WARNING]: Module remote_tmp /root/.ansible/tmp did not exist and was created with a mode of 0700, this may cause issues when running
as another user. To avoid this, create the remote_tmp dir with the correct permissions manually

2024-04-04 12:16:57,694 p=65785 u=saiful n=ansible | changed: [debian]
2024-04-04 12:16:57,770 p=65785 u=saiful n=ansible | ok: [ubuntu]
2024-04-04 12:16:57,786 p=65785 u=saiful n=ansible | TASK [common : Modify restart configuration] *******************************************************************************************
2024-04-04 12:16:58,122 p=65785 u=saiful n=ansible | fatal: [debian]: FAILED! => {"changed": false, "msg": "Destination /etc/needrestart/needrestart.conf does not exist !", "rc": 257}
2024-04-04 12:16:58,148 p=65785 u=saiful n=ansible | ok: [ubuntu]
2024-04-04 12:16:58,168 p=65785 u=saiful n=ansible | TASK [common : Update package lists] ***************************************************************************************************
2024-04-04 12:17:01,085 p=65785 u=saiful n=ansible | changed: [ubuntu]
2024-04-04 12:17:01,101 p=65785 u=saiful n=ansible | TASK [common : Remove Docker-related packages] *****************************************************************************************
2024-04-04 12:17:02,054 p=65785 u=saiful n=ansible | ok: [ubuntu] => (item=docker.io)
2024-04-04 12:17:02,869 p=65785 u=saiful n=ansible | ok: [ubuntu] => (item=docker-doc)
2024-04-04 12:17:03,629 p=65785 u=saiful n=ansible | ok: [ubuntu] => (item=docker-compose)
2024-04-04 12:17:04,384 p=65785 u=saiful n=ansible | ok: [ubuntu] => (item=docker-compose-v2)
2024-04-04 12:17:05,208 p=65785 u=saiful n=ansible | ok: [ubuntu] => (item=podman-docker)
2024-04-04 12:17:06,063 p=65785 u=saiful n=ansible | ok: [ubuntu] => (item=containerd)
2024-04-04 12:17:06,848 p=65785 u=saiful n=ansible | ok: [ubuntu] => (item=runc)
2024-04-04 12:17:06,866 p=65785 u=saiful n=ansible | TASK [common : Install required packages] **********************************************************************************************
2024-04-04 12:17:07,979 p=65785 u=saiful n=ansible | ok: [ubuntu]
2024-04-04 12:17:07,992 p=65785 u=saiful n=ansible | TASK [common : Include tasks for RedHat based OS] **************************************************************************************
2024-04-04 12:17:08,031 p=65785 u=saiful n=ansible | skipping: [ubuntu]
2024-04-04 12:17:08,050 p=65785 u=saiful n=ansible | TASK [repository : Include tasks for Debian based OS] **********************************************************************************
2024-04-04 12:17:08,110 p=65785 u=saiful n=ansible | included: /Users/saiful/Documents/github/ansible-docker/roles/repository/tasks/debian.yml for ubuntu
2024-04-04 12:17:08,129 p=65785 u=saiful n=ansible | TASK [repository : Create directory for apt keyrings] **********************************************************************************
2024-04-04 12:17:08,662 p=65785 u=saiful n=ansible | ok: [ubuntu]
2024-04-04 12:17:08,676 p=65785 u=saiful n=ansible | TASK [repository : Download Docker GPG key] ********************************************************************************************
2024-04-04 12:17:09,385 p=65785 u=saiful n=ansible | ok: [ubuntu]
2024-04-04 12:17:09,400 p=65785 u=saiful n=ansible | TASK [repository : Download Docker GPG key] ********************************************************************************************
2024-04-04 12:17:09,440 p=65785 u=saiful n=ansible | skipping: [ubuntu]
2024-04-04 12:17:09,450 p=65785 u=saiful n=ansible | TASK [repository : Get DEB architecture] ***********************************************************************************************
2024-04-04 12:17:10,021 p=65785 u=saiful n=ansible | changed: [ubuntu]
2024-04-04 12:17:10,035 p=65785 u=saiful n=ansible | TASK [repository : Add Docker repository to Apt sources] *******************************************************************************
2024-04-04 12:17:10,397 p=65785 u=saiful n=ansible | ok: [ubuntu]
2024-04-04 12:17:10,411 p=65785 u=saiful n=ansible | TASK [repository : Add Docker repository to Apt sources] *******************************************************************************
2024-04-04 12:17:10,456 p=65785 u=saiful n=ansible | skipping: [ubuntu]
2024-04-04 12:17:10,463 p=65785 u=saiful n=ansible | TASK [repository : Update Apt cache] ***************************************************************************************************
2024-04-04 12:17:13,141 p=65785 u=saiful n=ansible | changed: [ubuntu]
2024-04-04 12:17:13,154 p=65785 u=saiful n=ansible | TASK [repository : Include tasks for RedHat based OS] **********************************************************************************
2024-04-04 12:17:13,192 p=65785 u=saiful n=ansible | skipping: [ubuntu]
2024-04-04 12:17:13,212 p=65785 u=saiful n=ansible | TASK [docker : Include tasks for Debian based OS] **************************************************************************************
2024-04-04 12:17:13,278 p=65785 u=saiful n=ansible | included: /Users/saiful/Documents/github/ansible-docker/roles/docker/tasks/debian.yml for ubuntu
2024-04-04 12:17:13,289 p=65785 u=saiful n=ansible | TASK [docker : Install Docker-related packages] ****************************************************************************************
2024-04-04 12:17:14,416 p=65785 u=saiful n=ansible | ok: [ubuntu]
2024-04-04 12:17:14,436 p=65785 u=saiful n=ansible | TASK [docker : Include tasks for RedHat based OS] **************************************************************************************
2024-04-04 12:17:14,476 p=65785 u=saiful n=ansible | skipping: [ubuntu]
2024-04-04 12:17:14,499 p=65785 u=saiful n=ansible | TASK [post-install : Include tasks for Debian based OS] ********************************************************************************
2024-04-04 12:17:14,557 p=65785 u=saiful n=ansible | included: /Users/saiful/Documents/github/ansible-docker/roles/post-install/tasks/debian.yml for ubuntu
2024-04-04 12:17:14,573 p=65785 u=saiful n=ansible | TASK [post-install : Add user to docker group] *****************************************************************************************
2024-04-04 12:17:15,341 p=65785 u=saiful n=ansible | ok: [ubuntu]
2024-04-04 12:17:15,361 p=65785 u=saiful n=ansible | TASK [post-install : Include tasks for RedHat based OS] ********************************************************************************
2024-04-04 12:17:15,398 p=65785 u=saiful n=ansible | skipping: [ubuntu]
2024-04-04 12:17:15,446 p=65785 u=saiful n=ansible | PLAY RECAP *****************************************************************************************************************************
2024-04-04 12:17:15,447 p=65785 u=saiful n=ansible | debian                     : ok=4    changed=2    unreachable=0    failed=1    skipped=1    rescued=0    ignored=0   
2024-04-04 12:17:15,447 p=65785 u=saiful n=ansible | ubuntu                     : ok=18   changed=3    unreachable=0    failed=0    skipped=7    rescued=0    ignored=0   
2024-04-04 12:19:19,506 p=65860 u=saiful n=ansible | PLAY [Docker Installation] *************************************************************************************************************
2024-04-04 12:19:19,530 p=65860 u=saiful n=ansible | TASK [Gathering Facts] *****************************************************************************************************************
2024-04-04 12:19:21,122 p=65860 u=saiful n=ansible | ok: [debian]
2024-04-04 12:19:21,744 p=65860 u=saiful n=ansible | ok: [ubuntu]
2024-04-04 12:19:21,783 p=65860 u=saiful n=ansible | TASK [pre-tasks : Sanity Check | Fail if the Operating System is not supported] ********************************************************
2024-04-04 12:19:21,821 p=65860 u=saiful n=ansible | skipping: [ubuntu]
2024-04-04 12:19:21,850 p=65860 u=saiful n=ansible | skipping: [debian]
2024-04-04 12:19:21,889 p=65860 u=saiful n=ansible | TASK [common : Set timezone to Asia/Tokyo] *********************************************************************************************
2024-04-04 12:19:22,541 p=65860 u=saiful n=ansible | ok: [ubuntu]
2024-04-04 12:19:22,542 p=65860 u=saiful n=ansible | ok: [debian]
2024-04-04 12:19:22,554 p=65860 u=saiful n=ansible | TASK [common : Include tasks for Debian based OS] **************************************************************************************
2024-04-04 12:19:22,637 p=65860 u=saiful n=ansible | included: /Users/saiful/Documents/github/ansible-docker/roles/common/tasks/debian.yml for ubuntu, debian
2024-04-04 12:19:22,651 p=65860 u=saiful n=ansible | TASK [common : Set precedence in /etc/gai.conf] ****************************************************************************************
2024-04-04 12:19:23,157 p=65860 u=saiful n=ansible | ok: [debian]
2024-04-04 12:19:23,194 p=65860 u=saiful n=ansible | ok: [ubuntu]
2024-04-04 12:19:23,213 p=65860 u=saiful n=ansible | TASK [common : Modify restart configuration] *******************************************************************************************
2024-04-04 12:19:23,280 p=65860 u=saiful n=ansible | skipping: [debian]
2024-04-04 12:19:23,806 p=65860 u=saiful n=ansible | ok: [ubuntu]
2024-04-04 12:19:23,822 p=65860 u=saiful n=ansible | TASK [common : Update package lists] ***************************************************************************************************
2024-04-04 12:19:26,547 p=65860 u=saiful n=ansible | changed: [ubuntu]
2024-04-04 12:19:30,016 p=65860 u=saiful n=ansible | changed: [debian]
2024-04-04 12:19:30,034 p=65860 u=saiful n=ansible | TASK [common : Remove Docker-related packages] *****************************************************************************************
2024-04-04 12:19:30,947 p=65860 u=saiful n=ansible | ok: [debian] => (item=docker.io)
2024-04-04 12:19:31,661 p=65860 u=saiful n=ansible | ok: [debian] => (item=docker-doc)
2024-04-04 12:19:32,361 p=65860 u=saiful n=ansible | ok: [debian] => (item=docker-compose)
2024-04-04 12:19:33,078 p=65860 u=saiful n=ansible | ok: [debian] => (item=docker-compose-v2)
2024-04-04 12:19:33,795 p=65860 u=saiful n=ansible | ok: [debian] => (item=podman-docker)
2024-04-04 12:19:34,521 p=65860 u=saiful n=ansible | ok: [debian] => (item=containerd)
2024-04-04 12:19:35,169 p=65860 u=saiful n=ansible | ok: [debian] => (item=runc)
2024-04-04 12:19:35,820 p=65860 u=saiful n=ansible | ok: [ubuntu] => (item=docker.io)
2024-04-04 12:19:36,555 p=65860 u=saiful n=ansible | ok: [ubuntu] => (item=docker-doc)
2024-04-04 12:19:37,374 p=65860 u=saiful n=ansible | ok: [ubuntu] => (item=docker-compose)
2024-04-04 12:19:38,130 p=65860 u=saiful n=ansible | ok: [ubuntu] => (item=docker-compose-v2)
2024-04-04 12:19:39,050 p=65860 u=saiful n=ansible | ok: [ubuntu] => (item=podman-docker)
2024-04-04 12:19:39,825 p=65860 u=saiful n=ansible | ok: [ubuntu] => (item=containerd)
2024-04-04 12:19:40,650 p=65860 u=saiful n=ansible | ok: [ubuntu] => (item=runc)
2024-04-04 12:19:40,669 p=65860 u=saiful n=ansible | TASK [common : Install required packages] **********************************************************************************************
2024-04-04 12:19:41,853 p=65860 u=saiful n=ansible | ok: [ubuntu]
2024-04-04 12:19:43,611 p=65860 u=saiful n=ansible | changed: [debian]
2024-04-04 12:19:43,632 p=65860 u=saiful n=ansible | TASK [common : Include tasks for RedHat based OS] **************************************************************************************
2024-04-04 12:19:43,677 p=65860 u=saiful n=ansible | skipping: [ubuntu]
2024-04-04 12:19:43,704 p=65860 u=saiful n=ansible | skipping: [debian]
2024-04-04 12:19:43,741 p=65860 u=saiful n=ansible | TASK [repository : Include tasks for Debian based OS] **********************************************************************************
2024-04-04 12:19:43,820 p=65860 u=saiful n=ansible | included: /Users/saiful/Documents/github/ansible-docker/roles/repository/tasks/debian.yml for ubuntu, debian
2024-04-04 12:19:43,834 p=65860 u=saiful n=ansible | TASK [repository : Create directory for apt keyrings] **********************************************************************************
2024-04-04 12:19:44,442 p=65860 u=saiful n=ansible | ok: [debian]
2024-04-04 12:19:44,444 p=65860 u=saiful n=ansible | ok: [ubuntu]
2024-04-04 12:19:44,460 p=65860 u=saiful n=ansible | TASK [repository : Download Docker GPG key] ********************************************************************************************
2024-04-04 12:19:44,534 p=65860 u=saiful n=ansible | skipping: [debian]
2024-04-04 12:19:45,464 p=65860 u=saiful n=ansible | ok: [ubuntu]
2024-04-04 12:19:45,478 p=65860 u=saiful n=ansible | TASK [repository : Download Docker GPG key] ********************************************************************************************
2024-04-04 12:19:45,524 p=65860 u=saiful n=ansible | skipping: [ubuntu]
2024-04-04 12:19:46,201 p=65860 u=saiful n=ansible | changed: [debian]
2024-04-04 12:19:46,218 p=65860 u=saiful n=ansible | TASK [repository : Get DEB architecture] ***********************************************************************************************
2024-04-04 12:19:46,791 p=65860 u=saiful n=ansible | changed: [ubuntu]
2024-04-04 12:19:46,794 p=65860 u=saiful n=ansible | changed: [debian]
2024-04-04 12:19:46,810 p=65860 u=saiful n=ansible | TASK [repository : Add Docker repository to Apt sources] *******************************************************************************
2024-04-04 12:19:46,869 p=65860 u=saiful n=ansible | skipping: [debian]
2024-04-04 12:19:47,153 p=65860 u=saiful n=ansible | ok: [ubuntu]
2024-04-04 12:19:47,168 p=65860 u=saiful n=ansible | TASK [repository : Add Docker repository to Apt sources] *******************************************************************************
2024-04-04 12:19:47,212 p=65860 u=saiful n=ansible | skipping: [ubuntu]
2024-04-04 12:19:47,504 p=65860 u=saiful n=ansible | changed: [debian]
2024-04-04 12:19:47,522 p=65860 u=saiful n=ansible | TASK [repository : Update Apt cache] ***************************************************************************************************
2024-04-04 12:19:50,690 p=65860 u=saiful n=ansible | changed: [debian]
2024-04-04 12:19:51,292 p=65860 u=saiful n=ansible | changed: [ubuntu]
2024-04-04 12:19:51,309 p=65860 u=saiful n=ansible | TASK [repository : Include tasks for RedHat based OS] **********************************************************************************
2024-04-04 12:19:51,356 p=65860 u=saiful n=ansible | skipping: [ubuntu]
2024-04-04 12:19:51,388 p=65860 u=saiful n=ansible | skipping: [debian]
2024-04-04 12:19:51,466 p=65860 u=saiful n=ansible | TASK [docker : Include tasks for Debian based OS] **************************************************************************************
2024-04-04 12:19:51,535 p=65860 u=saiful n=ansible | included: /Users/saiful/Documents/github/ansible-docker/roles/docker/tasks/debian.yml for ubuntu, debian
2024-04-04 12:19:51,547 p=65860 u=saiful n=ansible | TASK [docker : Install Docker-related packages] ****************************************************************************************
2024-04-04 12:19:52,939 p=65860 u=saiful n=ansible | ok: [ubuntu]
2024-04-04 12:20:08,147 p=65860 u=saiful n=ansible | changed: [debian]
2024-04-04 12:20:08,162 p=65860 u=saiful n=ansible | TASK [docker : Include tasks for RedHat based OS] **************************************************************************************
2024-04-04 12:20:08,208 p=65860 u=saiful n=ansible | skipping: [ubuntu]
2024-04-04 12:20:08,217 p=65860 u=saiful n=ansible | skipping: [debian]
2024-04-04 12:20:08,256 p=65860 u=saiful n=ansible | TASK [post-install : Include tasks for Debian based OS] ********************************************************************************
2024-04-04 12:20:08,334 p=65860 u=saiful n=ansible | included: /Users/saiful/Documents/github/ansible-docker/roles/post-install/tasks/debian.yml for ubuntu, debian
2024-04-04 12:20:08,351 p=65860 u=saiful n=ansible | TASK [post-install : Add user to docker group] *****************************************************************************************
2024-04-04 12:20:09,026 p=65860 u=saiful n=ansible | ok: [ubuntu]
2024-04-04 12:20:09,074 p=65860 u=saiful n=ansible | changed: [debian]
2024-04-04 12:20:09,092 p=65860 u=saiful n=ansible | TASK [post-install : Include tasks for RedHat based OS] ********************************************************************************
2024-04-04 12:20:09,136 p=65860 u=saiful n=ansible | skipping: [ubuntu]
2024-04-04 12:20:09,149 p=65860 u=saiful n=ansible | skipping: [debian]
2024-04-04 12:20:09,220 p=65860 u=saiful n=ansible | PLAY RECAP *****************************************************************************************************************************
2024-04-04 12:20:09,220 p=65860 u=saiful n=ansible | debian                     : ok=17   changed=8    unreachable=0    failed=0    skipped=8    rescued=0    ignored=0   
2024-04-04 12:20:09,221 p=65860 u=saiful n=ansible | ubuntu                     : ok=18   changed=3    unreachable=0    failed=0    skipped=7    rescued=0    ignored=0   
2024-04-04 12:29:20,897 p=65995 u=saiful n=ansible | PLAY [Docker Installation] *************************************************************************************************************
2024-04-04 12:29:20,923 p=65995 u=saiful n=ansible | TASK [Gathering Facts] *****************************************************************************************************************
2024-04-04 12:29:22,416 p=65995 u=saiful n=ansible | ok: [debian]
2024-04-04 12:29:23,387 p=65995 u=saiful n=ansible | ok: [ubuntu]
2024-04-04 12:29:23,427 p=65995 u=saiful n=ansible | TASK [pre-tasks : Sanity Check | Fail if the Operating System is not supported] ********************************************************
2024-04-04 12:29:23,467 p=65995 u=saiful n=ansible | skipping: [ubuntu]
2024-04-04 12:29:23,492 p=65995 u=saiful n=ansible | skipping: [debian]
2024-04-04 12:29:23,528 p=65995 u=saiful n=ansible | TASK [common : Set timezone to Asia/Tokyo] *********************************************************************************************
2024-04-04 12:29:24,116 p=65995 u=saiful n=ansible | ok: [debian]
2024-04-04 12:29:24,185 p=65995 u=saiful n=ansible | ok: [ubuntu]
2024-04-04 12:29:24,201 p=65995 u=saiful n=ansible | TASK [common : Include tasks for Debian based OS] **************************************************************************************
2024-04-04 12:29:24,283 p=65995 u=saiful n=ansible | included: /Users/saiful/Documents/github/ansible-docker/roles/common/tasks/debian.yml for ubuntu, debian
2024-04-04 12:29:24,295 p=65995 u=saiful n=ansible | TASK [common : Set precedence in /etc/gai.conf] ****************************************************************************************
2024-04-04 12:29:24,806 p=65995 u=saiful n=ansible | ok: [debian]
2024-04-04 12:29:24,830 p=65995 u=saiful n=ansible | ok: [ubuntu]
2024-04-04 12:29:24,846 p=65995 u=saiful n=ansible | TASK [common : Modify restart configuration] *******************************************************************************************
2024-04-04 12:29:24,908 p=65995 u=saiful n=ansible | skipping: [debian]
2024-04-04 12:29:25,231 p=65995 u=saiful n=ansible | ok: [ubuntu]
2024-04-04 12:29:25,247 p=65995 u=saiful n=ansible | TASK [common : Update package lists] ***************************************************************************************************
2024-04-04 12:29:27,350 p=65995 u=saiful n=ansible | ok: [debian]
2024-04-04 12:29:28,581 p=65995 u=saiful n=ansible | changed: [ubuntu]
2024-04-04 12:29:28,599 p=65995 u=saiful n=ansible | TASK [common : Remove Docker-related packages] *****************************************************************************************
2024-04-04 12:29:29,378 p=65995 u=saiful n=ansible | ok: [debian] => (item=docker.io)
2024-04-04 12:29:29,546 p=65995 u=saiful n=ansible | ok: [ubuntu] => (item=docker.io)
2024-04-04 12:29:30,032 p=65995 u=saiful n=ansible | ok: [debian] => (item=docker-doc)
2024-04-04 12:29:30,419 p=65995 u=saiful n=ansible | ok: [ubuntu] => (item=docker-doc)
2024-04-04 12:29:30,716 p=65995 u=saiful n=ansible | ok: [debian] => (item=docker-compose)
2024-04-04 12:29:31,271 p=65995 u=saiful n=ansible | ok: [ubuntu] => (item=docker-compose)
2024-04-04 12:29:31,412 p=65995 u=saiful n=ansible | ok: [debian] => (item=docker-compose-v2)
2024-04-04 12:29:32,156 p=65995 u=saiful n=ansible | ok: [ubuntu] => (item=docker-compose-v2)
2024-04-04 12:29:32,157 p=65995 u=saiful n=ansible | ok: [debian] => (item=podman-docker)
2024-04-04 12:29:32,923 p=65995 u=saiful n=ansible | ok: [debian] => (item=containerd)
2024-04-04 12:29:33,047 p=65995 u=saiful n=ansible | ok: [ubuntu] => (item=podman-docker)
2024-04-04 12:29:33,691 p=65995 u=saiful n=ansible | ok: [debian] => (item=runc)
2024-04-04 12:29:33,998 p=65995 u=saiful n=ansible | ok: [ubuntu] => (item=containerd)
2024-04-04 12:29:34,948 p=65995 u=saiful n=ansible | ok: [ubuntu] => (item=runc)
2024-04-04 12:29:34,968 p=65995 u=saiful n=ansible | TASK [common : Install required packages] **********************************************************************************************
2024-04-04 12:29:35,967 p=65995 u=saiful n=ansible | ok: [debian]
2024-04-04 12:29:36,258 p=65995 u=saiful n=ansible | ok: [ubuntu]
2024-04-04 12:29:36,280 p=65995 u=saiful n=ansible | TASK [common : Include tasks for RedHat based OS] **************************************************************************************
2024-04-04 12:29:36,324 p=65995 u=saiful n=ansible | skipping: [ubuntu]
2024-04-04 12:29:36,338 p=65995 u=saiful n=ansible | skipping: [debian]
2024-04-04 12:29:36,379 p=65995 u=saiful n=ansible | TASK [repository : Include tasks for Debian based OS] **********************************************************************************
2024-04-04 12:29:36,459 p=65995 u=saiful n=ansible | included: /Users/saiful/Documents/github/ansible-docker/roles/repository/tasks/debian.yml for ubuntu, debian
2024-04-04 12:29:36,473 p=65995 u=saiful n=ansible | TASK [repository : Create directory for apt keyrings] **********************************************************************************
2024-04-04 12:29:37,081 p=65995 u=saiful n=ansible | ok: [debian]
2024-04-04 12:29:37,083 p=65995 u=saiful n=ansible | ok: [ubuntu]
2024-04-04 12:29:37,095 p=65995 u=saiful n=ansible | TASK [repository : Download Docker GPG key] ********************************************************************************************
2024-04-04 12:29:37,164 p=65995 u=saiful n=ansible | skipping: [debian]
2024-04-04 12:29:37,849 p=65995 u=saiful n=ansible | ok: [ubuntu]
2024-04-04 12:29:37,863 p=65995 u=saiful n=ansible | TASK [repository : Download Docker GPG key] ********************************************************************************************
2024-04-04 12:29:37,908 p=65995 u=saiful n=ansible | skipping: [ubuntu]
2024-04-04 12:29:38,509 p=65995 u=saiful n=ansible | ok: [debian]
2024-04-04 12:29:38,529 p=65995 u=saiful n=ansible | TASK [repository : Get DEB architecture] ***********************************************************************************************
2024-04-04 12:29:39,123 p=65995 u=saiful n=ansible | changed: [debian]
2024-04-04 12:29:39,131 p=65995 u=saiful n=ansible | changed: [ubuntu]
2024-04-04 12:29:39,145 p=65995 u=saiful n=ansible | TASK [repository : Add Docker repository to Apt sources] *******************************************************************************
2024-04-04 12:29:39,209 p=65995 u=saiful n=ansible | skipping: [debian]
2024-04-04 12:29:39,487 p=65995 u=saiful n=ansible | ok: [ubuntu]
2024-04-04 12:29:39,502 p=65995 u=saiful n=ansible | TASK [repository : Add Docker repository to Apt sources] *******************************************************************************
2024-04-04 12:29:39,550 p=65995 u=saiful n=ansible | skipping: [ubuntu]
2024-04-04 12:29:39,848 p=65995 u=saiful n=ansible | ok: [debian]
2024-04-04 12:29:39,865 p=65995 u=saiful n=ansible | TASK [repository : Update Apt cache] ***************************************************************************************************
2024-04-04 12:29:41,539 p=65995 u=saiful n=ansible | ok: [debian]
2024-04-04 12:29:42,801 p=65995 u=saiful n=ansible | changed: [ubuntu]
2024-04-04 12:29:42,817 p=65995 u=saiful n=ansible | TASK [repository : Include tasks for RedHat based OS] **********************************************************************************
2024-04-04 12:29:42,865 p=65995 u=saiful n=ansible | skipping: [ubuntu]
2024-04-04 12:29:42,893 p=65995 u=saiful n=ansible | skipping: [debian]
2024-04-04 12:29:42,967 p=65995 u=saiful n=ansible | TASK [docker : Include tasks for Debian based OS] **************************************************************************************
2024-04-04 12:29:43,050 p=65995 u=saiful n=ansible | included: /Users/saiful/Documents/github/ansible-docker/roles/docker/tasks/debian.yml for ubuntu, debian
2024-04-04 12:29:43,059 p=65995 u=saiful n=ansible | TASK [docker : Install Docker-related packages] ****************************************************************************************
2024-04-04 12:29:44,028 p=65995 u=saiful n=ansible | ok: [debian]
2024-04-04 12:29:44,243 p=65995 u=saiful n=ansible | ok: [ubuntu]
2024-04-04 12:29:44,262 p=65995 u=saiful n=ansible | TASK [docker : Include tasks for RedHat based OS] **************************************************************************************
2024-04-04 12:29:44,308 p=65995 u=saiful n=ansible | skipping: [ubuntu]
2024-04-04 12:29:44,322 p=65995 u=saiful n=ansible | skipping: [debian]
2024-04-04 12:29:44,371 p=65995 u=saiful n=ansible | TASK [post-install : Include tasks for Debian based OS] ********************************************************************************
2024-04-04 12:29:44,455 p=65995 u=saiful n=ansible | included: /Users/saiful/Documents/github/ansible-docker/roles/post-install/tasks/debian.yml for ubuntu, debian
2024-04-04 12:29:44,468 p=65995 u=saiful n=ansible | TASK [post-install : Add user to docker group] *****************************************************************************************
2024-04-04 12:29:45,106 p=65995 u=saiful n=ansible | ok: [debian]
2024-04-04 12:29:45,193 p=65995 u=saiful n=ansible | ok: [ubuntu]
2024-04-04 12:29:45,210 p=65995 u=saiful n=ansible | TASK [post-install : Include tasks for RedHat based OS] ********************************************************************************
2024-04-04 12:29:45,257 p=65995 u=saiful n=ansible | skipping: [ubuntu]
2024-04-04 12:29:45,276 p=65995 u=saiful n=ansible | skipping: [debian]
2024-04-04 12:29:45,363 p=65995 u=saiful n=ansible | PLAY RECAP *****************************************************************************************************************************
2024-04-04 12:29:45,364 p=65995 u=saiful n=ansible | debian                     : ok=17   changed=1    unreachable=0    failed=0    skipped=8    rescued=0    ignored=0   
2024-04-04 12:29:45,364 p=65995 u=saiful n=ansible | ubuntu                     : ok=18   changed=3    unreachable=0    failed=0    skipped=7    rescued=0    ignored=0   
